0 info it worked if it ends with ok
1 verbose cli [ 'node', '/usr/bin/npm', 'publish' ]
2 info using npm@2.9.0
3 info using node@v0.10.33
4 verbose node symlink /usr/bin/node
5 verbose publish [ '.' ]
6 silly cache add args [ '.', null ]
7 verbose cache add spec .
8 silly cache add parsed spec { raw: '.',
8 silly cache add   scope: null,
8 silly cache add   name: null,
8 silly cache add   rawSpec: '.',
8 silly cache add   spec: '/home/nodejs/utils.js',
8 silly cache add   type: 'directory' }
9 verbose addLocalDirectory /home/nodejs/.npm/utilities.js/1.0.11/package.tgz not in flight; packing
10 verbose tar pack [ '/home/nodejs/.npm/utilities.js/1.0.11/package.tgz',
10 verbose tar pack   '/home/nodejs/utils.js' ]
11 verbose tarball /home/nodejs/.npm/utilities.js/1.0.11/package.tgz
12 verbose folder /home/nodejs/utils.js
13 info prepublish utilities.js@1.0.11
14 verbose addLocalTarball adding from inside cache /home/nodejs/.npm/utilities.js/1.0.11/package.tgz
15 silly cache afterAdd utilities.js@1.0.11
16 verbose afterAdd /home/nodejs/.npm/utilities.js/1.0.11/package/package.json not in flight; writing
17 verbose afterAdd /home/nodejs/.npm/utilities.js/1.0.11/package/package.json written
18 silly publish { name: 'utilities.js',
18 silly publish   version: '1.0.11',
18 silly publish   description: 'A small collection of useful algorithms and type-checking functions.',
18 silly publish   main: 'index.js',
18 silly publish   directories: { test: 'test' },
18 silly publish   scripts: { test: 'node test/index.js' },
18 silly publish   repository:
18 silly publish    { type: 'git',
18 silly publish      url: 'git+https://github.com/kryo2k/utils.js.git' },
18 silly publish   keywords: [ 'nodejs', 'utilities', 'framework-agnostic' ],
18 silly publish   author: { name: 'Hans Doller', email: 'kryo2k@gmail.com' },
18 silly publish   license: 'GPLv2',
18 silly publish   bugs: { url: 'https://github.com/kryo2k/utils.js/issues' },
18 silly publish   homepage: 'https://github.com/kryo2k/utils.js',
18 silly publish   devDependencies: { chai: '^2.3.0', hashmap: '^2.0.3' },
18 silly publish   readme: '## utilities.js\nSimple collection of functions and algorithms for Javascript/NodeJS without any other dependencies.\n\n*Originally written for node.js, but am in the process of porting this to other platforms.*\n\n### Installation\n\n#### NodeJS\n```bash\nnpm install utilities.js\nnpm test\n```\n\n#### Bower\n```bash\nbower install utilities.js\n```\n\n### Usage\n\n#### NodeJS\n```js\nvar\nutils = require(\'utilities.js\');\n```\n\n#### Bower & Web\n```js\nvar\nutils = window.utilities;\n```\n\n### Framework Ports & Wrappers\n\n* [Angular $utilities Service](https://github.com/kryo2k/angular-utilities.js)\n\n### Methods:\n| Function Name     | Arguments | Description |\n| ----------------- | --------- | ----------- |\n| noop              | *none*     | NO-OP function. Returns undefined. |\n| noopPassThru      | (passThru) | NO-OP function. Returns first argument. |\n| isNull            | (variable) | Checks if a variable is null. |\n| isUndefined       | (variable) | Checks if a variable is undefined. |\n| isNullUndefined   | (variable) | Checks if a variable is null or undefined. |\n| isNumber          | (variable) | Checks if a variable is strictly a number. |\n| isNumberBetween   | (number, number1, number2) | Checks if number is between number1 and number2. |\n| isBoolean         | (variable) | Checks if a variable is strictly a boolean. |\n| isString          | (variable) | Checks if a variable is strictly a string. |\n| isScalar          | (variable) | Checks if a variable is a scalar of type (number, boolean, string). NULL and Undefined are not permitted. |\n| isFunction        | (variable) | Checks if a variable is strictly a function. |\n| isArray           | (variable) | Checks if a variable is strictly an array  |\n| isPrimitive       | (variable) | Identical to isScalar(), but permits undefined. |\n| isPlainObject     | (variable) | Checks if a variable is strictly an instance of Object (or {}). Complex objects (Date, Array) will fail check. |\n| isObjectType      | (string)   | Checks a string if it matches the native object type string ```"object"```.\n| isObject          | (variable, instanceOf) | Checks if a variable is any type of object (plain, or otherwise). Optionally can provide a constructor function to instanceOf, and will further check if the object is an instance of that constructor. |\n| isDate            | (variable) | Checks if a variable is specifically a Date object. |\n| isDateBetween     | (date, date1, date2) | Checks if date is between date1 and date2. |\n| asNumber          | (variable, default) | Returns a variable in it\'s numeric form, or returns the supplied default (if a number is provided, else zero) if not a valid string or number. |\n| asBoolean         | (variable, default) | Returns variable as a strict boolean type. If variable is ```null``` or ```undefined``` it will return the default value if it is a boolean, otherwise returns ```false```. If variable is an integer, it must equal exactly ```1``` to return ```true```, otherwise returns ```false```. If variable is a string, it must be one of (```yes```, ```true```, ```1```, ```on```, ```enabled```, ```enable```) to return ```true```, otherwise returns ```false```. If none of the above cases match, it will return default value (or ```false```). |\n| asString          | (variable, default) | Returns variable as a strict string type. If variable is ```null``` or ```undefined``` it will return the default value if it is a string, otherwise returns ```""```. If variable is already a string, it returns the original string. Otherwise variable is cast directly to a string, using the native ```String(variable)```. |\n| asDate            | (variable, fallbackDate) | Returns a variable as a strict date object type. If variable is already a date, it will return the same instance of that date object. Otherwise the variable will attempt to be parsed and a copy returned. If parsing was unsuccessful, it will return the fallbackDate (or a new Date).  |\n| dateSetHours      | (now, hours, minutes, seconds, milliseconds, useUTC, fallbackDate) | Sets the hour portion of a date. Returns a new copy of the ```now``` after interpolation date. If ```now``` could not be loaded, the fallbackDate is used for setting hours. *Warning, no copy is made of the fallbackDate if used, this operation will change it\'s internal values.* |\n| dateParse         | (variable) | Attempts to load variable as a date. If variable is already a real date object, it returns a copy of this object. If variable is a finite number or a string, it attempts to load it as a real date using native Date functions. If parsing was successful, the newly interpolated copy is returned. If the load was unsuccessful, this function returns ```false```. |\n| dateNow           | (variable, fallbackDate) | If variable is a real date object, it returns a new copy of the date object. In any other case, it will attempt to parse the variable into a date. If parse was successful, it will return the interpolated copy. If unsuccessful, it will return the same instance of fallbackDate (if it is a real date object, or a new Date if otherwise). |\n| dateSameYear      | (date1, date2) | Compares two dates by year. If either of the params aren\'t dates, this function returns ```false```. |\n| dateSameMonth     | (date1, date2) | Compares two dates by year, month. If either of the params aren\'t dates, this function returns ```false```. |\n| dateSameDay       | (date1, date2) | Compares two dates by year, month, day. If either of the params aren\'t dates, this function returns ```false```. |\n| dateSameHour      | (date1, date2) | Compares two dates by year, month, day, hour. If either of the params aren\'t dates, this function returns ```false```. |\n| dateSameMinute    | (date1, date2) | Compares two dates by year, month, day, hour, minute. If either of the params aren\'t dates, this function returns ```false```. |\n| dateSameSecond    | (date1, date2) | Compares two dates by year, month, day, hour, minute, second. If either of the params aren\'t dates, this function returns ```false```. |\n| dateSameMs        | (date1, date2) | Compares two dates by year, month, day, hour, minute, second, millisecond. If either of the params aren\'t dates, this function returns ```false```. |\n| dateEquals        | (date1, date2, fallbackDate)) | Compares value of date1 with date2 value to see if they match. This was not meant to detect if they are the exact same object instance, only that the values are equal. If either of the dates are ```NULL``` or ```undefined``` the function returns ```false```. If they could not be loaded (invalid String, Number, etc), the fallbackDate (or a new Date) is used in determining equality. |\n| dateFloor         | (now, useUTC, fallbackDate) | Returns a copy of ```now``` with the time set to be the beginning of the day (example: "00:00:00.000"). *See above note about using fallbackDate if now fails to load.* |\n| dateCeil          | (now, useUTC, fallbackDate) | Returns a copy of ```now``` with the time set to be the end of the day (example: "23:59:59.999"). *See above note about using fallbackDate if now fails to load.* |\n| extend             | ([deep,] obj[, ob1, ...]) | A port of jQuery\'s extend function. |\n| round             | (number, precision) | Rounding function, with optional precision. Returns NaN if not a valid number. |\n| clamp             | (number, min, max, precision) | Ensures a number is between a certain range with an optional precision. |\n| clampDate         | (date, min, max) | Ensures a date is between a certain range. If date is not a real date object, function returns ```false```. Min and Max are only used if they are real date objects, otherwise range is not capped by that limit. This function ALWAYS returns a copy of the original date when conditions are successful. |\n| logscale          | (n, nMin, nMax, vMin, vMax, precision) | Scales a number logarithmically. |\n| linearscale       | (n, nMin, nMax, vMin, vMax, precision) | Scales a number linearlly. |\n| shuffle           | (array) | Performs a shuffle in place on an array. |\n| shuffleCopy       | (array) | Performs a shuffle on a copy of on an array. |\n| random            | (min, max, precision) | Produces a random number between a certain range with an optional precision. |\n| randomPluck       | (array, count) | Returns a random element from an array. If count > 1, then the function returns an array of random items from the source array. |\n| range             | (from, to, step, precision) | Produce an array of integers within a certain range. Optional step size, and precision. |\n| objectHasProperty | (obj, property) | Virtually the same as ```Object.hasOwnProperty```, but checks to see if object has a ```has(property)``` function. If it does, it calls it and checks if the result is a boolean. If so, returns the boolean, otherwise in all cases falls back to the native hasOwnProperty method. If obj is not an object, returns ```false```. This function is compatible with ```HashMap``` style objects. |\n| objectGetValue    | (obj, property, defaultValue) | Gets a single object property value, with the option of providing a default value which is returned if the ```objectHasProperty```  check fails. This function also checks to see if a ```get(property)``` method exists. If so, it calls that function and returns it\'s value. Otherwise, falls back to returning the object\'s property using native JS. This function is compatible with ```HashMap``` style objects. |\n| objectSetValue    | (obj, property, value, rejectOverride) | Sets a single object property value, with the option of skipping the update if already set. Overriding is allowed by default, to disable set rejectOverride to ```true```. This function is compatible with ```HashMap``` style objects. |\n| objectFind        | (obj, search, defaultValue, searchDelimiter) | Similar to the objectGetValue function, but search can be defined as a delimited string, or as an array. This search acts like a property path to find an object\'s value or the value of one of it\'s child keys. To disable deep searching on string keys, set searchDelimiter to ```false```.  The default searchDelimiter is a period (```.```) character. This function is compatible with ```HashMap``` style objects. |\n| fallbackNull      | (value) | If a value is null or undefined, returns null otherwise returns the original value. |\n| getter            | (property, getterFn) | Returns a getter function. See more detail below. |\n| setter            | (property, allowNull, setterFn) | Returns a setter function. ^ ditto. |\n| setterBoolean     | (property, allowNull, setterFn) | Returns a boolean setter function. If value passed to function is not a boolean, property does not get set in scope. |\n| setterNumber      | (property, min, max, precision, allowInfinite, allowNull, setterFn) | Returns a number setter function. If value passed to function is not a number, property does not get set in scope. Supports clamping, and precision. |\n| setterInt         | (property, min, max, allowInfinite, allowNull, setterFn) | Returns a number setter function, which supports clamping, but precision is always 0 (whole numbers). |\n| setterString      | (property, allowNull, setterFn) | Returns a string setter function. |\n| setterScalar      | (property, allowNull, setterFn) | Returns a scalar setter function. |\n| setterFunction    | (property, allowNull, setterFn) | Returns a function setter function. |\n| setterObject      | (property, instanceOf, allowNull, setterFn) | Returns an object setter function, with optional instance checking. |\n| setterPlainObject | (property, allowNull, setterFn) | Returns an object setter function, which only allows plain objects to be set. Complex objects (Date, Array, etc) will be discarded. |\n| setterEnum        | (property, enumerables, allowNull, setterFn) | Restrict property value to be  one of the enumerables provided. These enumerables can be any scalar, or objects, but not arrays. |\n| setterDate        | (property, minDate, maxDate, allowNull, setterFn) | Returns a date object setter function. If a string or integer are passed as a value, it will normalize it into a Date object. Supports defining min and max dates. Both min and max are optional, and act independently -- but if being used, they must be real Date objects. |\n\n### Getters & Setters\nWhen prototyping classes in pure JS, these functions are useful when defining method properties of the class\' prototype. Here are some examples:\n\n#### Example class: MyValue\nAdding a property to a class which has no type-checking (pass thru).\n\n```js\nvar\nutils = require(\'utilities.js\');\n\nvar // @private\nPROP_VALUE = \'_value\'; // Can also be a symbol. @see Symbol()\n\nfunction MyValue(value) {\n  this.value = value;\n}\n\nObject.defineProperties(MyValue.prototype, {\n  value: { // definition of public name property. (read/write supported)\n\n    // get the current value of PROP_VALUE (default: undefined)\n    get: utils.getter(PROP_VALUE),\n\n    // set the current value of PROP_VALUE, allow nulls.\n    set: utils.setter(PROP_VALUE, true)\n  }\n});\n\nvar myValue = new MyValue(\'hello\');\nconsole.log(myValue.value); // \'hello\'\n```\n\n#### Example class: LimitedDate\nAdding a property to a class which should always be a date. Can optionally support a boundary range for date values.\n\n```js\nvar\nutils = require(\'utilities.js\');\n\nvar\nPROP_DATE = \'_date\',\nPROP_DATEMIN = \'_dateMin\',\nPROP_DATEMAX = \'_dateMax\';\n\nfunction LimitedDate(date, min, max) {\n  this.dateMin = min;\n  this.dateMax = max;\n  this.date    = date;\n}\n\nObject.defineProperties(LimitedDate.prototype, {\n  dateMin: {\n    get: utils.getter(PROP_DATEMIN),\n    set: utils.setterDate(PROP_DATEMIN, null, null, true)\n  },\n  dateMax: {\n    get: utils.getter(PROP_DATEMAX),\n    set: utils.setterDate(PROP_DATEMAX, null, null, true)\n  },\n  date: {\n\n    // get the current value of PROP_DATE (default: undefined)\n    get: utils.getter(PROP_DATE),\n\n    // force the date to be with-in our range:\n    set: utils.setterDate(PROP_DATE, null, null, false, function (date) {\n      return utils.clampDate(date, this.dateMin, this.dateMax);\n    })\n  }\n});\n\nvar\nlimitMin = Date.parse(\'2001-01-01 00:00:00\'),\nlimitMax = Date.parse(\'2020-01-01 00:00:00\'),\nlimitedDate = new LimitedDate(new Date(), limitMin, limitMax);\nconsole.log(limitedDate.date);\n```\n\n### Disclaimer\n*These functions have been tested extensively in nodejs, and include unit tests. Nevertheless, if bugs are found, please report them and I\'ll pull in patches it! I hold no responsibility for any damages this code might incur if used in a production environment. This library is still in an experimental phase.*\n\n### Credits\nThese functions are a combination of ones I\'ve written personally, and others which have been adapted from online research, forums, open source frameworks, and refactoring efforts in my own projects. I try to keep this library as framework agnostic as possible, so it is possible to use in any Javascript environment without dependencies.\n\nAuthored By: Hans G. Doller <kryo2k@gmail.com>\n\n#### Noteworthy Mentions & Inspirations\n* Lodash\n* NodeJS utils\n* Stackoverflow.com and it\'s userbase.',
18 silly publish   readmeFilename: 'README.md',
18 silly publish   gitHead: 'c6f16d6de6c323e0dc3b6c45e099b3a1f8ea1e21',
18 silly publish   _id: 'utilities.js@1.0.11',
18 silly publish   _shasum: 'e401a53032b0fa6658db4eaeeb343632ddf3edf1',
18 silly publish   _from: '.' }
19 verbose getPublishConfig undefined
20 silly mapToRegistry name utilities.js
21 silly mapToRegistry using default registry
22 silly mapToRegistry registry https://registry.npmjs.org/
23 silly mapToRegistry uri https://registry.npmjs.org/utilities.js
24 verbose publish registryBase https://registry.npmjs.org/
25 silly publish uploading /home/nodejs/.npm/utilities.js/1.0.11/package.tgz
26 verbose request uri https://registry.npmjs.org/utilities.js
27 verbose request sending authorization for write operation
28 info attempt registry request try #1 at 20:16:13
29 verbose request id 5cdc3af5fe34b8af
30 http request PUT https://registry.npmjs.org/utilities.js
31 http 403 https://registry.npmjs.org/utilities.js
32 verbose headers { 'content-type': 'application/json',
32 verbose headers   'cache-control': 'max-age=60',
32 verbose headers   'content-length': '96',
32 verbose headers   'accept-ranges': 'bytes',
32 verbose headers   date: 'Fri, 29 May 2015 00:16:14 GMT',
32 verbose headers   via: '1.1 varnish',
32 verbose headers   connection: 'keep-alive',
32 verbose headers   'x-served-by': 'cache-atl6229-ATL',
32 verbose headers   'x-cache': 'MISS',
32 verbose headers   'x-cache-hits': '0',
32 verbose headers   'x-timer': 'S1432858574.096385,VS0,VE533' }
33 verbose request invalidating /home/nodejs/.npm/registry.npmjs.org/utilities.js on PUT
34 error publish Failed PUT 403
35 verbose stack Error: "You cannot publish over the previously published version 1.0.11." : utilities.js
35 verbose stack     at CachingRegistryClient.<anonymous> (/usr/lib/node_modules/npm/node_modules/npm-registry-client/lib/request.js:247:14)
35 verbose stack     at Request._callback (/usr/lib/node_modules/npm/node_modules/npm-registry-client/lib/request.js:170:14)
35 verbose stack     at Request.self.callback (/usr/lib/node_modules/npm/node_modules/request/request.js:368:22)
35 verbose stack     at Request.emit (events.js:98:17)
35 verbose stack     at Request.<anonymous> (/usr/lib/node_modules/npm/node_modules/request/request.js:1219:14)
35 verbose stack     at Request.emit (events.js:117:20)
35 verbose stack     at IncomingMessage.<anonymous> (/usr/lib/node_modules/npm/node_modules/request/request.js:1167:12)
35 verbose stack     at IncomingMessage.emit (events.js:117:20)
35 verbose stack     at _stream_readable.js:943:16
35 verbose stack     at process._tickCallback (node.js:419:13)
36 verbose statusCode 403
37 verbose pkgid utilities.js
38 verbose cwd /home/nodejs/utils.js
39 error Linux 2.6.32-042stab106.4
40 error argv "node" "/usr/bin/npm" "publish"
41 error node v0.10.33
42 error npm  v2.9.0
43 error code E403
44 error "You cannot publish over the previously published version 1.0.11." : utilities.js
45 error If you need help, you may report this error at:
45 error     <https://github.com/npm/npm/issues>
46 verbose exit [ 1, true ]
